[debug] > Exec(early(addDefaultCommands), None, None)
[debug] > Exec(addDefaultCommands, None, None)
[debug] > Exec(early(initialize), None, None)
[debug] > Exec(initialize, None, None)
[debug] > Exec(boot, None, None)
[debug] > Exec(writeSbtVersion, None, None)
[debug] > Exec(reload, None, None)
[debug] > Exec(sbtStashOnFailure, None, None)
[debug] > Exec(onFailure loadFailed, None, None)
[debug] > Exec(loadp, None, None)
[info] welcome to sbt 1.9.8 (Oracle Corporation Java 19)
[debug] Load.defaultLoad until apply took 177.1226ms
[debug]           Load.loadUnit: plugins took 115.4159ms
[debug]           Load.loadUnit: defsScala took 0.2104ms
[debug] [Loading] Scanning directory C:\Users\theepob\Desktop\Desktop\ProgLang\hw9\project
[debug] [Loading] Found non-root projects 
[debug] [Loading] Done in C:\Users\theepob\Desktop\Desktop\ProgLang\hw9\project, returning: ()
[debug] deducing auto plugins based on known facts Set(Atom(sbt.plugins.CorePlugin)) and clauses Clauses(Clause(Atom(sbt.plugins.JvmPlugin),Set(Atom(sbt.plugins.IvyPlugin)))
[debug] Clause(Atom(sbt.ScriptedPlugin),Set(Atom(sbt.plugins.JvmPlugin)))
[debug] Clause(Atom(sbt.plugins.SbtPlugin),Set(Atom(sbt.ScriptedPlugin)))
[debug] Clause(Atom(sbt.plugins.SemanticdbPlugin),Set(Atom(sbt.plugins.JvmPlugin)))
[debug] Clause(Atom(sbt.plugins.JUnitXmlReportPlugin),Set(Atom(sbt.plugins.JvmPlugin)))
[debug] Clause(Atom(sbt.plugins.MiniDependencyTreePlugin),Set(Atom(sbt.plugins.JvmPlugin)))
[debug] Clause(Atom(sbt.plugins.CorePlugin),Set(Atom(sbt.plugins.IvyPlugin)))
[debug] Clause(Atom(sbt.plugins.IvyPlugin),Set(Atom(sbt.plugins.JvmPlugin)))
[debug] Clause(Atom(sbt.plugins.JvmPlugin),Set(Atom(sbt.plugins.SemanticdbPlugin)))
[debug] Clause(Atom(sbt.plugins.JvmPlugin),Set(Atom(sbt.plugins.JUnitXmlReportPlugin)))
[debug] Clause(Atom(sbt.plugins.CorePlugin),Set(Atom(sbt.plugins.Giter8TemplatePlugin)))
[debug] Clause(Atom(sbt.plugins.JvmPlugin),Set(Atom(sbt.plugins.MiniDependencyTreePlugin))))
[debug]   :: deduced result: Matched(sbt.plugins.CorePlugin,sbt.plugins.Giter8TemplatePlugin,sbt.plugins.IvyPlugin,sbt.plugins.JvmPlugin,sbt.plugins.MiniDependencyTreePlugin,sbt.plugins.JUnitXmlReportPlugin,sbt.plugins.SemanticdbPlugin)
[debug] Plugins.deducer#function took 26.9963 ms
[debug]               Load.resolveProject(hw9-build) took 51.6486ms
[debug]             Load.loadTransitive: finalizeProject(Project(id hw9-build, base: C:\Users\theepob\Desktop\Desktop\ProgLang\hw9\project, plugins: List(<none>))) took 108.2869ms
[debug] [Loading] Done in C:\Users\theepob\Desktop\Desktop\ProgLang\hw9\project, returning: (hw9-build)
[debug]           Load.loadUnit: loadedProjectsRaw took 133.6465ms
[debug]           Load.loadUnit: cleanEvalClasses took 0.3887ms
[debug]         Load.loadUnit(file:/C:/Users/theepob/Desktop/Desktop/ProgLang/hw9/project/, ...) took 319.2612ms
[debug]       Load.apply: load took 595.4274ms
[debug]       Load.apply: resolveProjects took 7.6033ms
[debug]       Load.apply: finalTransforms took 139.4712ms
[debug]       Load.apply: config.delegates took 13.2636ms
[debug]       Load.apply: Def.make(settings)... took 606.3113ms
[debug]       Load.apply: structureIndex took 145.9729ms
[debug]       Load.apply: mkStreams took 2.1604ms
[info] loading project definition from C:\Users\theepob\Desktop\Desktop\ProgLang\hw9\project
[debug] Running task... Cancel: Signal, check cycles: false, forcegc: true
[debug]     Load.loadUnit: plugins took 2654.2677ms
[debug]     Load.loadUnit: defsScala took 0.0042ms
[debug] [Loading] Scanning directory C:\Users\theepob\Desktop\Desktop\ProgLang\hw9
[debug]       Load.loadUnit: mkEval took 6.3638ms
[debug] [Loading] Found root project root w/ remaining 
[debug] deducing auto plugins based on known facts Set(Atom(sbt.plugins.CorePlugin)) and clauses Clauses(Clause(Atom(sbt.plugins.JvmPlugin),Set(Atom(sbt.plugins.IvyPlugin)))
[debug] Clause(Atom(sbt.ScriptedPlugin),Set(Atom(sbt.plugins.JvmPlugin)))
[debug] Clause(Atom(sbt.plugins.SbtPlugin),Set(Atom(sbt.ScriptedPlugin)))
[debug] Clause(Atom(sbt.plugins.SemanticdbPlugin),Set(Atom(sbt.plugins.JvmPlugin)))
[debug] Clause(Atom(sbt.plugins.JUnitXmlReportPlugin),Set(Atom(sbt.plugins.JvmPlugin)))
[debug] Clause(Atom(sbt.plugins.MiniDependencyTreePlugin),Set(Atom(sbt.plugins.JvmPlugin)))
[debug] Clause(Atom(sbt.plugins.CorePlugin),Set(Atom(sbt.plugins.IvyPlugin)))
[debug] Clause(Atom(sbt.plugins.IvyPlugin),Set(Atom(sbt.plugins.JvmPlugin)))
[debug] Clause(Atom(sbt.plugins.JvmPlugin),Set(Atom(sbt.plugins.SemanticdbPlugin)))
[debug] Clause(Atom(sbt.plugins.JvmPlugin),Set(Atom(sbt.plugins.JUnitXmlReportPlugin)))
[debug] Clause(Atom(sbt.plugins.CorePlugin),Set(Atom(sbt.plugins.Giter8TemplatePlugin)))
[debug] Clause(Atom(sbt.plugins.JvmPlugin),Set(Atom(sbt.plugins.MiniDependencyTreePlugin))))
[debug]   :: deduced result: Matched(sbt.plugins.CorePlugin,sbt.plugins.Giter8TemplatePlugin,sbt.plugins.IvyPlugin,sbt.plugins.JvmPlugin,sbt.plugins.MiniDependencyTreePlugin,sbt.plugins.JUnitXmlReportPlugin,sbt.plugins.SemanticdbPlugin)
[debug] Plugins.deducer#function took 1.7356 ms
[info] loading settings for project root from build.sbt ...
[debug]         Load.resolveProject(root) took 2.143ms
[debug]       Load.loadTransitive: finalizeProject(Project(id root, base: C:\Users\theepob\Desktop\Desktop\ProgLang\hw9, plugins: List(<none>))) took 5.503ms
[debug] [Loading] Done in C:\Users\theepob\Desktop\Desktop\ProgLang\hw9, returning: (root)
[debug]     Load.loadUnit: loadedProjectsRaw took 137.792ms
[debug]     Load.loadUnit: cleanEvalClasses took 9.2138ms
[debug]   Load.loadUnit(file:/C:/Users/theepob/Desktop/Desktop/ProgLang/hw9/, ...) took 2806.7039ms
[debug] Load.apply: load took 2848.3492ms
[debug] Load.apply: resolveProjects took 0.1199ms
[debug] Load.apply: finalTransforms took 13.8916ms
[debug] Load.apply: config.delegates took 0.3821ms
[debug] Load.apply: Def.make(settings)... took 148.3572ms
[debug] Load.apply: structureIndex took 30.3901ms
[debug] Load.apply: mkStreams took 0.0027ms
[info] set current project to hw9 (in build file:/C:/Users/theepob/Desktop/Desktop/ProgLang/hw9/)
[debug] > Exec(sbtPopOnFailure, None, None)
[debug] > Exec(resumeFromFailure, None, None)
[debug] > Exec(notifyUsersAboutShell, None, None)
[debug] > Exec(iflast shell, None, None)
[debug] > Exec(shell, None, None)
[info] sbt server started at local:sbt-server-6105a16ce3391b37a74c
[debug] Writing bsp connection file
