[debug] > Exec(early(addDefaultCommands), None, None)
[debug] > Exec(addDefaultCommands, None, None)
[debug] > Exec(early(initialize), None, None)
[debug] > Exec(initialize, None, None)
[debug] > Exec(boot, None, None)
[debug] > Exec(writeSbtVersion, None, None)
[debug] > Exec(reload, None, None)
[debug] > Exec(sbtStashOnFailure, None, None)
[debug] > Exec(onFailure loadFailed, None, None)
[debug] > Exec(loadp, None, None)
[info] welcome to sbt 1.9.8 (Oracle Corporation Java 19)
[debug] Load.defaultLoad until apply took 124.418301ms
[debug]           Load.loadUnit: plugins took 111.9742ms
[debug]           Load.loadUnit: defsScala took 0.9406ms
[debug] [Loading] Scanning directory C:\Users\theepob\Desktop\Desktop\ProgLang\hw2\project
[debug] [Loading] Found non-root projects 
[debug] [Loading] Done in C:\Users\theepob\Desktop\Desktop\ProgLang\hw2\project, returning: ()
[debug] deducing auto plugins based on known facts Set(Atom(sbt.plugins.CorePlugin)) and clauses Clauses(Clause(Atom(sbt.plugins.JvmPlugin),Set(Atom(sbt.plugins.IvyPlugin)))
[debug] Clause(Atom(sbt.ScriptedPlugin),Set(Atom(sbt.plugins.JvmPlugin)))
[debug] Clause(Atom(sbt.plugins.SbtPlugin),Set(Atom(sbt.ScriptedPlugin)))
[debug] Clause(Atom(sbt.plugins.SemanticdbPlugin),Set(Atom(sbt.plugins.JvmPlugin)))
[debug] Clause(Atom(sbt.plugins.JUnitXmlReportPlugin),Set(Atom(sbt.plugins.JvmPlugin)))
[debug] Clause(Atom(sbt.plugins.MiniDependencyTreePlugin),Set(Atom(sbt.plugins.JvmPlugin)))
[debug] Clause(Atom(sbt.plugins.CorePlugin),Set(Atom(sbt.plugins.IvyPlugin)))
[debug] Clause(Atom(sbt.plugins.IvyPlugin),Set(Atom(sbt.plugins.JvmPlugin)))
[debug] Clause(Atom(sbt.plugins.JvmPlugin),Set(Atom(sbt.plugins.SemanticdbPlugin)))
[debug] Clause(Atom(sbt.plugins.JvmPlugin),Set(Atom(sbt.plugins.JUnitXmlReportPlugin)))
[debug] Clause(Atom(sbt.plugins.CorePlugin),Set(Atom(sbt.plugins.Giter8TemplatePlugin)))
[debug] Clause(Atom(sbt.plugins.JvmPlugin),Set(Atom(sbt.plugins.MiniDependencyTreePlugin))))
[debug]   :: deduced result: Matched(sbt.plugins.CorePlugin,sbt.plugins.Giter8TemplatePlugin,sbt.plugins.IvyPlugin,sbt.plugins.JvmPlugin,sbt.plugins.MiniDependencyTreePlugin,sbt.plugins.JUnitXmlReportPlugin,sbt.plugins.SemanticdbPlugin)
[debug] Plugins.deducer#function took 23.532701 ms
[debug]               Load.resolveProject(hw2-build) took 54.4217ms
[debug]             Load.loadTransitive: finalizeProject(Project(id hw2-build, base: C:\Users\theepob\Desktop\Desktop\ProgLang\hw2\project, plugins: List(<none>))) took 98.398ms
[debug] [Loading] Done in C:\Users\theepob\Desktop\Desktop\ProgLang\hw2\project, returning: (hw2-build)
[debug]           Load.loadUnit: loadedProjectsRaw took 135.3499ms
[debug]           Load.loadUnit: cleanEvalClasses took 0.2822ms
[debug]         Load.loadUnit(file:/C:/Users/theepob/Desktop/Desktop/ProgLang/hw2/project/, ...) took 322.710501ms
[debug]       Load.apply: load took 557.4177ms
[debug]       Load.apply: resolveProjects took 11.7556ms
[debug]       Load.apply: finalTransforms took 83.0003ms
[debug]       Load.apply: config.delegates took 7.6917ms
[debug]       Load.apply: Def.make(settings)... took 465.226501ms
[debug]       Load.apply: structureIndex took 93.1025ms
[debug]       Load.apply: mkStreams took 1.7196ms
[info] loading project definition from C:\Users\theepob\Desktop\Desktop\ProgLang\hw2\project
[debug] Running task... Cancel: Signal, check cycles: false, forcegc: true
[debug]     Load.loadUnit: plugins took 2853.210801ms
[debug]     Load.loadUnit: defsScala took 0.0065ms
[debug] [Loading] Scanning directory C:\Users\theepob\Desktop\Desktop\ProgLang\hw2
[debug]       Load.loadUnit: mkEval took 6.2046ms
[debug] [Loading] Found root project root w/ remaining 
[debug] deducing auto plugins based on known facts Set(Atom(sbt.plugins.CorePlugin)) and clauses Clauses(Clause(Atom(sbt.plugins.JvmPlugin),Set(Atom(sbt.plugins.IvyPlugin)))
[debug] Clause(Atom(sbt.ScriptedPlugin),Set(Atom(sbt.plugins.JvmPlugin)))
[debug] Clause(Atom(sbt.plugins.SbtPlugin),Set(Atom(sbt.ScriptedPlugin)))
[debug] Clause(Atom(sbt.plugins.SemanticdbPlugin),Set(Atom(sbt.plugins.JvmPlugin)))
[debug] Clause(Atom(sbt.plugins.JUnitXmlReportPlugin),Set(Atom(sbt.plugins.JvmPlugin)))
[debug] Clause(Atom(sbt.plugins.MiniDependencyTreePlugin),Set(Atom(sbt.plugins.JvmPlugin)))
[debug] Clause(Atom(sbt.plugins.CorePlugin),Set(Atom(sbt.plugins.IvyPlugin)))
[debug] Clause(Atom(sbt.plugins.IvyPlugin),Set(Atom(sbt.plugins.JvmPlugin)))
[debug] Clause(Atom(sbt.plugins.JvmPlugin),Set(Atom(sbt.plugins.SemanticdbPlugin)))
[debug] Clause(Atom(sbt.plugins.JvmPlugin),Set(Atom(sbt.plugins.JUnitXmlReportPlugin)))
[debug] Clause(Atom(sbt.plugins.CorePlugin),Set(Atom(sbt.plugins.Giter8TemplatePlugin)))
[debug] Clause(Atom(sbt.plugins.JvmPlugin),Set(Atom(sbt.plugins.MiniDependencyTreePlugin))))
[debug]   :: deduced result: Matched(sbt.plugins.CorePlugin,sbt.plugins.Giter8TemplatePlugin,sbt.plugins.IvyPlugin,sbt.plugins.JvmPlugin,sbt.plugins.MiniDependencyTreePlugin,sbt.plugins.JUnitXmlReportPlugin,sbt.plugins.SemanticdbPlugin)
[debug] Plugins.deducer#function took 2.6099 ms
[info] loading settings for project root from build.sbt ...
[debug]         Load.resolveProject(root) took 5.6134ms
[debug]       Load.loadTransitive: finalizeProject(Project(id root, base: C:\Users\theepob\Desktop\Desktop\ProgLang\hw2, plugins: List(<none>))) took 10.0606ms
[debug] [Loading] Done in C:\Users\theepob\Desktop\Desktop\ProgLang\hw2, returning: (root)
[debug]     Load.loadUnit: loadedProjectsRaw took 2473.9225ms
[debug]     Load.loadUnit: cleanEvalClasses took 10.4578ms
[debug]   Load.loadUnit(file:/C:/Users/theepob/Desktop/Desktop/ProgLang/hw2/, ...) took 5339.9423ms
[debug] Load.apply: load took 5368.578ms
[debug] Load.apply: resolveProjects took 0.1232ms
[debug] Load.apply: finalTransforms took 25.552399ms
[debug] Load.apply: config.delegates took 0.4681ms
[debug] Load.apply: Def.make(settings)... took 90.267699ms
[debug] Load.apply: structureIndex took 31.284201ms
[debug] Load.apply: mkStreams took 0.0022ms
[info] set current project to hw2 (in build file:/C:/Users/theepob/Desktop/Desktop/ProgLang/hw2/)
[debug] > Exec(sbtPopOnFailure, None, None)
[debug] > Exec(resumeFromFailure, None, None)
[debug] > Exec(notifyUsersAboutShell, None, None)
[debug] > Exec(iflast shell, None, None)
[debug] > Exec(shell, None, None)
[info] sbt server started at local:sbt-server-f43ccce4f510c3dd237a
[debug] Writing bsp connection file
[warn] sbt server could not start in 10s
